Number of files in zzz.fox = 19
Index: 
Name: animo.sfx    Lokation: 698      Len: 171      OLen: 1546     Compr: 2 
Name: zzz.000      Lokation: 43894    Len: 43196    OLen: 1048594  Compr: 2 
Name: zzz.001      Lokation: 90448    Len: 46554    OLen: 1048594  Compr: 2 
Name: zzz.002      Lokation: 137140   Len: 46692    OLen: 1048594  Compr: 2 
Name: zzz.003      Lokation: 184266   Len: 47126    OLen: 1048594  Compr: 2 
Name: zzz.004      Lokation: 231317   Len: 47051    OLen: 1048594  Compr: 2 
Name: zzz.005      Lokation: 278051   Len: 46734    OLen: 1048594  Compr: 2 
Name: zzz.006      Lokation: 324246   Len: 46195    OLen: 1048594  Compr: 2 
Name: zzz.007      Lokation: 370612   Len: 46366    OLen: 1048594  Compr: 2 
Name: zzz.008      Lokation: 417120   Len: 46508    OLen: 1048594  Compr: 2 
Name: zzz.009      Lokation: 463363   Len: 46243    OLen: 1048594  Compr: 2 
Name: zzz.010      Lokation: 509980   Len: 46617    OLen: 1048594  Compr: 2 
Name: zzz.011      Lokation: 556605   Len: 46625    OLen: 1048594  Compr: 2 
Name: zzz.012      Lokation: 603046   Len: 46441    OLen: 1048594  Compr: 2 
Name: zzz.013      Lokation: 648486   Len: 45440    OLen: 1048594  Compr: 2 
Name: zzz.014      Lokation: 693802   Len: 45316    OLen: 1048594  Compr: 2 
Name: zzz.015      Lokation: 739985   Len: 46183    OLen: 1048594  Compr: 2 
Name: zzz.016      Lokation: 786530   Len: 46545    OLen: 1048594  Compr: 2 
Name: zzz.evt      Lokation: 787627   Len: 1097     OLen: 27044    Compr: 2 
